{"/app/config/db.config.ts": {"path":"/app/config/db.config.ts","statementMap":{"0":{"start":{"line":3,"column":13},"end":{"line":17,"column":2}}},"fnMap":{},"branchMap":{},"s":{"0":1},"f":{},"b":{}}
,"/app/dist/src/encurtador/encurtador.entity.js": {"path":"/app/dist/src/encurtador/encurtador.entity.js","statementMap":{"0":{"start":{"line":2,"column":17},"end":{"line":7,"column":1}},"1":{"start":{"line":3,"column":12},"end":{"line":3,"column":28}},"2":{"start":{"line":3,"column":34},"end":{"line":3,"column":125}},"3":{"start":{"line":4,"column":4},"end":{"line":5,"column":150}},"4":{"start":{"line":4,"column":79},"end":{"line":4,"column":131}},"5":{"start":{"line":5,"column":9},"end":{"line":5,"column":150}},"6":{"start":{"line":5,"column":22},"end":{"line":5,"column":43}},"7":{"start":{"line":5,"column":58},"end":{"line":5,"column":150}},"8":{"start":{"line":5,"column":81},"end":{"line":5,"column":150}},"9":{"start":{"line":6,"column":4},"end":{"line":6,"column":66}},"10":{"start":{"line":8,"column":17},"end":{"line":10,"column":1}},"11":{"start":{"line":9,"column":4},"end":{"line":9,"column":109}},"12":{"start":{"line":9,"column":79},"end":{"line":9,"column":109}},"13":{"start":{"line":11,"column":0},"end":{"line":11,"column":62}},"14":{"start":{"line":12,"column":0},"end":{"line":12,"column":28}},"15":{"start":{"line":13,"column":18},"end":{"line":13,"column":36}},"16":{"start":{"line":14,"column":28},"end":{"line":14,"column":56}},"17":{"start":{"line":15,"column":17},"end":{"line":19,"column":1}},"18":{"start":{"line":17,"column":8},"end":{"line":17,"column":49}},"19":{"start":{"line":20,"column":0},"end":{"line":24,"column":39}},"20":{"start":{"line":25,"column":0},"end":{"line":28,"column":40}},"21":{"start":{"line":29,"column":0},"end":{"line":33,"column":44}},"22":{"start":{"line":34,"column":0},"end":{"line":38,"column":41}},"23":{"start":{"line":39,"column":0},"end":{"line":43,"column":46}},"24":{"start":{"line":44,"column":0},"end":{"line":51,"column":46}},"25":{"start":{"line":47,"column":23},"end":{"line":47,"column":50}},"26":{"start":{"line":52,"column":0},"end":{"line":54,"column":15}},"27":{"start":{"line":55,"column":0},"end":{"line":55,"column":32}}},"fnMap":{"0":{"name":"(anonymous_0)","decl":{"start":{"line":2,"column":46},"end":{"line":2,"column":47}},"loc":{"start":{"line":2,"column":87},"end":{"line":7,"column":1}},"line":2},"1":{"name":"(anonymous_1)","decl":{"start":{"line":8,"column":46},"end":{"line":8,"column":47}},"loc":{"start":{"line":8,"column":62},"end":{"line":10,"column":1}},"line":8},"2":{"name":"(anonymous_2)","decl":{"start":{"line":16,"column":4},"end":{"line":16,"column":5}},"loc":{"start":{"line":16,"column":20},"end":{"line":18,"column":5}},"line":16},"3":{"name":"(anonymous_3)","decl":{"start":{"line":47,"column":17},"end":{"line":47,"column":18}},"loc":{"start":{"line":47,"column":23},"end":{"line":47,"column":50}},"line":47}},"branchMap":{"0":{"loc":{"start":{"line":2,"column":17},"end":{"line":7,"column":1}},"type":"binary-expr","locations":[{"start":{"line":2,"column":18},"end":{"line":2,"column":22}},{"start":{"line":2,"column":26},"end":{"line":2,"column":41}},{"start":{"line":2,"column":46},"end":{"line":7,"column":1}}],"line":2},"1":{"loc":{"start":{"line":3,"column":34},"end":{"line":3,"column":125}},"type":"cond-expr","locations":[{"start":{"line":3,"column":42},"end":{"line":3,"column":48}},{"start":{"line":3,"column":51},"end":{"line":3,"column":125}}],"line":3},"2":{"loc":{"start":{"line":3,"column":51},"end":{"line":3,"column":125}},"type":"cond-expr","locations":[{"start":{"line":3,"column":67},"end":{"line":3,"column":118}},{"start":{"line":3,"column":121},"end":{"line":3,"column":125}}],"line":3},"3":{"loc":{"start":{"line":4,"column":4},"end":{"line":5,"column":150}},"type":"if","locations":[{"start":{"line":4,"column":4},"end":{"line":5,"column":150}},{"start":{"line":4,"column":4},"end":{"line":5,"column":150}}],"line":4},"4":{"loc":{"start":{"line":4,"column":8},"end":{"line":4,"column":77}},"type":"binary-expr","locations":[{"start":{"line":4,"column":8},"end":{"line":4,"column":35}},{"start":{"line":4,"column":39},"end":{"line":4,"column":77}}],"line":4},"5":{"loc":{"start":{"line":5,"column":58},"end":{"line":5,"column":150}},"type":"if","locations":[{"start":{"line":5,"column":58},"end":{"line":5,"column":150}},{"start":{"line":5,"column":58},"end":{"line":5,"column":150}}],"line":5},"6":{"loc":{"start":{"line":5,"column":85},"end":{"line":5,"column":149}},"type":"binary-expr","locations":[{"start":{"line":5,"column":86},"end":{"line":5,"column":143}},{"start":{"line":5,"column":148},"end":{"line":5,"column":149}}],"line":5},"7":{"loc":{"start":{"line":5,"column":86},"end":{"line":5,"column":143}},"type":"cond-expr","locations":[{"start":{"line":5,"column":94},"end":{"line":5,"column":98}},{"start":{"line":5,"column":101},"end":{"line":5,"column":143}}],"line":5},"8":{"loc":{"start":{"line":5,"column":101},"end":{"line":5,"column":143}},"type":"cond-expr","locations":[{"start":{"line":5,"column":109},"end":{"line":5,"column":126}},{"start":{"line":5,"column":129},"end":{"line":5,"column":143}}],"line":5},"9":{"loc":{"start":{"line":6,"column":11},"end":{"line":6,"column":62}},"type":"binary-expr","locations":[{"start":{"line":6,"column":11},"end":{"line":6,"column":16}},{"start":{"line":6,"column":20},"end":{"line":6,"column":21}},{"start":{"line":6,"column":25},"end":{"line":6,"column":62}}],"line":6},"10":{"loc":{"start":{"line":8,"column":17},"end":{"line":10,"column":1}},"type":"binary-expr","locations":[{"start":{"line":8,"column":18},"end":{"line":8,"column":22}},{"start":{"line":8,"column":26},"end":{"line":8,"column":41}},{"start":{"line":8,"column":46},"end":{"line":10,"column":1}}],"line":8},"11":{"loc":{"start":{"line":9,"column":4},"end":{"line":9,"column":109}},"type":"if","locations":[{"start":{"line":9,"column":4},"end":{"line":9,"column":109}},{"start":{"line":9,"column":4},"end":{"line":9,"column":109}}],"line":9},"12":{"loc":{"start":{"line":9,"column":8},"end":{"line":9,"column":77}},"type":"binary-expr","locations":[{"start":{"line":9,"column":8},"end":{"line":9,"column":35}},{"start":{"line":9,"column":39},"end":{"line":9,"column":77}}],"line":9}},"s":{"0":1,"1":7,"2":7,"3":7,"4":7,"5":0,"6":0,"7":0,"8":0,"9":7,"10":1,"11":6,"12":6,"13":1,"14":1,"15":1,"16":1,"17":1,"18":0,"19":1,"20":1,"21":1,"22":1,"23":1,"24":1,"25":2,"26":1,"27":1},"f":{"0":7,"1":6,"2":0,"3":2},"b":{"0":[1,1,1],"1":[1,6],"2":[0,6],"3":[7,0],"4":[7,7],"5":[0,0],"6":[0,0],"7":[0,0],"8":[0,0],"9":[7,6,0],"10":[1,1,1],"11":[6,0],"12":[6,6]},"inputSourceMap":null,"_coverageSchema":"1a1c01bbd47fc00a2c39e90264f33305004495a9","hash":"95b481d6a2aca3c807953c60df6cb3bdcda286c8"}
,"/app/src/encurtador/encurtador.controller.ts": {"path":"/app/src/encurtador/encurtador.controller.ts","statementMap":{"0":{"start":{"line":1,"column":0},"end":{"line":1,"column":62}},"1":{"start":{"line":2,"column":0},"end":{"line":2,"column":56}},"2":{"start":{"line":3,"column":0},"end":{"line":3,"column":57}},"3":{"start":{"line":4,"column":0},"end":{"line":4,"column":45}},"4":{"start":{"line":8,"column":0},"end":{"line":22,"column":null}},"5":{"start":{"line":9,"column":31},"end":{"line":9,"column":40}},"6":{"start":{"line":14,"column":4},"end":{"line":14,"column":36}},"7":{"start":{"line":20,"column":4},"end":{"line":20,"column":42}},"8":{"start":{"line":13,"column":2},"end":{"line":15,"column":null}},"9":{"start":{"line":19,"column":2},"end":{"line":21,"column":null}},"10":{"start":{"line":8,"column":13},"end":{"line":22,"column":null}},"11":{"start":{"line":8,"column":13},"end":{"line":8,"column":33}}},"fnMap":{"0":{"name":"(anonymous_4)","decl":{"start":{"line":9,"column":2},"end":{"line":9,"column":31}},"loc":{"start":{"line":9,"column":57},"end":{"line":9,"column":61}}},"1":{"name":"(anonymous_5)","decl":{"start":{"line":13,"column":2},"end":{"line":13,"column":7}},"loc":{"start":{"line":13,"column":37},"end":{"line":15,"column":3}}},"2":{"name":"(anonymous_6)","decl":{"start":{"line":19,"column":2},"end":{"line":19,"column":7}},"loc":{"start":{"line":19,"column":27},"end":{"line":21,"column":3}}}},"branchMap":{},"s":{"0":1,"1":1,"2":1,"3":1,"4":1,"5":1,"6":5,"7":1,"8":1,"9":1,"10":1,"11":1},"f":{"0":1,"1":5,"2":1},"b":{}}
,"/app/src/encurtador/encurtador.entity.ts": {"path":"/app/src/encurtador/encurtador.entity.ts","statementMap":{"0":{"start":{"line":1,"column":0},"end":{"line":1,"column":null}},"1":{"start":{"line":8,"column":0},"end":{"line":8,"column":44}},"2":{"start":{"line":11,"column":0},"end":{"line":41,"column":null}},"3":{"start":{"line":39,"column":4},"end":{"line":39,"column":45}},"4":{"start":{"line":14,"column":2},"end":{"line":14,"column":null}},"5":{"start":{"line":17,"column":2},"end":{"line":17,"column":null}},"6":{"start":{"line":21,"column":2},"end":{"line":21,"column":null}},"7":{"start":{"line":25,"column":2},"end":{"line":25,"column":null}},"8":{"start":{"line":29,"column":2},"end":{"line":29,"column":null}},"9":{"start":{"line":36,"column":2},"end":{"line":36,"column":null}},"10":{"start":{"line":33,"column":19},"end":{"line":33,"column":46}},"11":{"start":{"line":11,"column":13},"end":{"line":41,"column":null}},"12":{"start":{"line":11,"column":13},"end":{"line":11,"column":23}}},"fnMap":{"0":{"name":"(anonymous_2)","decl":{"start":{"line":38,"column":2},"end":{"line":38,"column":6}},"loc":{"start":{"line":38,"column":15},"end":{"line":40,"column":3}}},"1":{"name":"(anonymous_3)","decl":{"start":{"line":33,"column":13},"end":{"line":33,"column":16}},"loc":{"start":{"line":33,"column":19},"end":{"line":33,"column":46}}}},"branchMap":{},"s":{"0":1,"1":1,"2":1,"3":0,"4":1,"5":1,"6":1,"7":1,"8":1,"9":1,"10":2,"11":1,"12":1},"f":{"0":0,"1":2},"b":{}}
,"/app/src/encurtador/encurtador.middleware.ts": {"path":"/app/src/encurtador/encurtador.middleware.ts","statementMap":{"0":{"start":{"line":1,"column":0},"end":{"line":1,"column":null}},"1":{"start":{"line":7,"column":0},"end":{"line":7,"column":51}},"2":{"start":{"line":9,"column":0},"end":{"line":9,"column":37}},"3":{"start":{"line":10,"column":0},"end":{"line":10,"column":49}},"4":{"start":{"line":13,"column":0},"end":{"line":30,"column":null}},"5":{"start":{"line":16,"column":21},"end":{"line":16,"column":27}},"6":{"start":{"line":20,"column":4},"end":{"line":22,"column":null}},"7":{"start":{"line":21,"column":6},"end":{"line":21,"column":79}},"8":{"start":{"line":23,"column":21},"end":{"line":23,"column":72}},"9":{"start":{"line":24,"column":4},"end":{"line":27,"column":null}},"10":{"start":{"line":25,"column":6},"end":{"line":25,"column":54}},"11":{"start":{"line":26,"column":6},"end":{"line":26,"column":78}},"12":{"start":{"line":28,"column":4},"end":{"line":28,"column":11}},"13":{"start":{"line":13,"column":13},"end":{"line":30,"column":null}},"14":{"start":{"line":13,"column":13},"end":{"line":13,"column":33}}},"fnMap":{"0":{"name":"(anonymous_4)","decl":{"start":{"line":14,"column":2},"end":{"line":14,"column":null}},"loc":{"start":{"line":16,"column":49},"end":{"line":17,"column":6}}},"1":{"name":"(anonymous_5)","decl":{"start":{"line":19,"column":2},"end":{"line":19,"column":7}},"loc":{"start":{"line":19,"column":60},"end":{"line":29,"column":3}}}},"branchMap":{"0":{"loc":{"start":{"line":20,"column":4},"end":{"line":22,"column":null}},"type":"if","locations":[{"start":{"line":20,"column":4},"end":{"line":22,"column":null}},{"start":{"line":20,"column":4},"end":{"line":22,"column":null}}]},"1":{"loc":{"start":{"line":20,"column":8},"end":{"line":20,"column":24}},"type":"binary-expr","locations":[{"start":{"line":20,"column":8},"end":{"line":20,"column":24}},{"start":{"line":20,"column":28},"end":{"line":20,"column":55}}]},"2":{"loc":{"start":{"line":23,"column":63},"end":{"line":23,"column":65}},"type":"cond-expr","locations":[{"start":{"line":23,"column":63},"end":{"line":23,"column":65}},{"start":{"line":23,"column":63},"end":{"line":23,"column":69}}]},"3":{"loc":{"start":{"line":23,"column":51},"end":{"line":23,"column":65}},"type":"binary-expr","locations":[{"start":{"line":23,"column":51},"end":{"line":23,"column":65}},{"start":{"line":23,"column":63},"end":{"line":23,"column":65}}]},"4":{"loc":{"start":{"line":24,"column":4},"end":{"line":27,"column":null}},"type":"if","locations":[{"start":{"line":24,"column":4},"end":{"line":27,"column":null}},{"start":{"line":24,"column":4},"end":{"line":27,"column":null}}]},"5":{"loc":{"start":{"line":24,"column":8},"end":{"line":24,"column":16}},"type":"binary-expr","locations":[{"start":{"line":24,"column":8},"end":{"line":24,"column":16}},{"start":{"line":24,"column":20},"end":{"line":24,"column":54}}]},"6":{"loc":{"start":{"line":24,"column":41},"end":{"line":24,"column":43}},"type":"cond-expr","locations":[{"start":{"line":24,"column":41},"end":{"line":24,"column":43}},{"start":{"line":24,"column":33},"end":{"line":24,"column":52}}]},"7":{"loc":{"start":{"line":24,"column":33},"end":{"line":24,"column":43}},"type":"binary-expr","locations":[{"start":{"line":24,"column":33},"end":{"line":24,"column":43}},{"start":{"line":24,"column":33},"end":{"line":24,"column":43}}]}},"s":{"0":1,"1":1,"2":1,"3":1,"4":1,"5":1,"6":6,"7":0,"8":6,"9":6,"10":0,"11":0,"12":6,"13":1,"14":1},"f":{"0":1,"1":6},"b":{"0":[0,6],"1":[6,3],"2":[0,6],"3":[6,6],"4":[0,6],"5":[6,1],"6":[0,1],"7":[1,1]}}
,"/app/src/encurtador/encurtador.module.ts": {"path":"/app/src/encurtador/encurtador.module.ts","statementMap":{"0":{"start":{"line":1,"column":0},"end":{"line":1,"column":72}},"1":{"start":{"line":2,"column":0},"end":{"line":2,"column":48}},"2":{"start":{"line":3,"column":0},"end":{"line":3,"column":49}},"3":{"start":{"line":4,"column":0},"end":{"line":4,"column":57}},"4":{"start":{"line":5,"column":0},"end":{"line":5,"column":63}},"5":{"start":{"line":6,"column":0},"end":{"line":6,"column":63}},"6":{"start":{"line":13,"column":0},"end":{"line":17,"column":null}},"7":{"start":{"line":15,"column":4},"end":{"line":15,"column":73}},"8":{"start":{"line":13,"column":13},"end":{"line":17,"column":null}},"9":{"start":{"line":13,"column":13},"end":{"line":13,"column":29}}},"fnMap":{"0":{"name":"(anonymous_1)","decl":{"start":{"line":14,"column":2},"end":{"line":14,"column":11}},"loc":{"start":{"line":14,"column":40},"end":{"line":16,"column":3}}}},"branchMap":{},"s":{"0":1,"1":1,"2":1,"3":1,"4":1,"5":1,"6":1,"7":1,"8":1,"9":1},"f":{"0":1},"b":{}}
,"/app/src/encurtador/encurtador.service.ts": {"path":"/app/src/encurtador/encurtador.service.ts","statementMap":{"0":{"start":{"line":1,"column":0},"end":{"line":1,"column":44}},"1":{"start":{"line":3,"column":0},"end":{"line":3,"column":71}},"2":{"start":{"line":4,"column":0},"end":{"line":4,"column":51}},"3":{"start":{"line":5,"column":0},"end":{"line":5,"column":37}},"4":{"start":{"line":6,"column":0},"end":{"line":6,"column":49}},"5":{"start":{"line":7,"column":0},"end":{"line":7,"column":37}},"6":{"start":{"line":9,"column":0},"end":{"line":9,"column":41}},"7":{"start":{"line":12,"column":0},"end":{"line":55,"column":null}},"8":{"start":{"line":15,"column":21},"end":{"line":15,"column":27}},"9":{"start":{"line":19,"column":19},"end":{"line":19,"column":45}},"10":{"start":{"line":20,"column":21},"end":{"line":20,"column":70}},"11":{"start":{"line":22,"column":4},"end":{"line":31,"column":null}},"12":{"start":{"line":23,"column":6},"end":{"line":30,"column":null}},"13":{"start":{"line":24,"column":8},"end":{"line":24,"column":56}},"14":{"start":{"line":26,"column":20},"end":{"line":26,"column":33}},"15":{"start":{"line":27,"column":8},"end":{"line":27,"column":31}},"16":{"start":{"line":28,"column":8},"end":{"line":28,"column":62}},"17":{"start":{"line":29,"column":8},"end":{"line":29,"column":19}},"18":{"start":{"line":33,"column":17},"end":{"line":37,"column":6}},"19":{"start":{"line":38,"column":4},"end":{"line":38,"column":31}},"20":{"start":{"line":40,"column":16},"end":{"line":40,"column":29}},"21":{"start":{"line":41,"column":4},"end":{"line":41,"column":23}},"22":{"start":{"line":42,"column":4},"end":{"line":42,"column":54}},"23":{"start":{"line":43,"column":4},"end":{"line":43,"column":15}},"24":{"start":{"line":47,"column":21},"end":{"line":47,"column":54}},"25":{"start":{"line":48,"column":4},"end":{"line":52,"column":null}},"26":{"start":{"line":49,"column":18},"end":{"line":49,"column":31}},"27":{"start":{"line":50,"column":6},"end":{"line":50,"column":29}},"28":{"start":{"line":51,"column":6},"end":{"line":51,"column":17}},"29":{"start":{"line":53,"column":4},"end":{"line":53,"column":78}},"30":{"start":{"line":12,"column":13},"end":{"line":55,"column":null}},"31":{"start":{"line":12,"column":13},"end":{"line":12,"column":30}}},"fnMap":{"0":{"name":"(anonymous_4)","decl":{"start":{"line":13,"column":2},"end":{"line":13,"column":null}},"loc":{"start":{"line":15,"column":49},"end":{"line":16,"column":6}}},"1":{"name":"(anonymous_5)","decl":{"start":{"line":18,"column":2},"end":{"line":18,"column":7}},"loc":{"start":{"line":18,"column":29},"end":{"line":44,"column":3}}},"2":{"name":"(anonymous_6)","decl":{"start":{"line":46,"column":2},"end":{"line":46,"column":7}},"loc":{"start":{"line":46,"column":25},"end":{"line":54,"column":3}}}},"branchMap":{"0":{"loc":{"start":{"line":22,"column":4},"end":{"line":31,"column":null}},"type":"if","locations":[{"start":{"line":22,"column":4},"end":{"line":31,"column":null}},{"start":{"line":22,"column":4},"end":{"line":31,"column":null}}]},"1":{"loc":{"start":{"line":23,"column":6},"end":{"line":30,"column":null}},"type":"if","locations":[{"start":{"line":23,"column":6},"end":{"line":30,"column":null}},{"start":{"line":23,"column":6},"end":{"line":30,"column":null}}]},"2":{"loc":{"start":{"line":48,"column":4},"end":{"line":52,"column":null}},"type":"if","locations":[{"start":{"line":48,"column":4},"end":{"line":52,"column":null}},{"start":{"line":48,"column":4},"end":{"line":52,"column":null}}]}},"s":{"0":1,"1":1,"2":1,"3":1,"4":1,"5":1,"6":1,"7":1,"8":1,"9":5,"10":5,"11":3,"12":3,"13":0,"14":3,"15":3,"16":3,"17":3,"18":0,"19":0,"20":0,"21":0,"22":0,"23":0,"24":1,"25":1,"26":1,"27":1,"28":1,"29":0,"30":1,"31":1},"f":{"0":1,"1":5,"2":1},"b":{"0":[3,0],"1":[0,3],"2":[1,0]}}
,"/app/src/encurtador/dto/create.dto.ts": {"path":"/app/src/encurtador/dto/create.dto.ts","statementMap":{"0":{"start":{"line":1,"column":0},"end":{"line":1,"column":48}},"1":{"start":{"line":6,"column":2},"end":{"line":6,"column":null}},"2":{"start":{"line":3,"column":0},"end":{"line":3,"column":13}}},"fnMap":{},"branchMap":{},"s":{"0":1,"1":1,"2":1},"f":{},"b":{}}
,"/app/src/encurtador/dto/show.dto.ts": {"path":"/app/src/encurtador/dto/show.dto.ts","statementMap":{"0":{"start":{"line":1,"column":0},"end":{"line":1,"column":13}}},"fnMap":{},"branchMap":{},"s":{"0":1},"f":{},"b":{}}
}
