TN:
SF:config/db.config.ts
FNF:0
FNH:0
DA:3,1
LF:1
LH:1
BRF:0
BRH:0
end_of_record
TN:
SF:dist/src/encurtador/encurtador.entity.js
FN:2,(anonymous_0)
FN:8,(anonymous_1)
FN:16,(anonymous_2)
FN:47,(anonymous_3)
FNF:4
FNH:3
FNDA:7,(anonymous_0)
FNDA:6,(anonymous_1)
FNDA:0,(anonymous_2)
FNDA:2,(anonymous_3)
DA:2,1
DA:3,7
DA:4,7
DA:5,0
DA:6,7
DA:8,1
DA:9,6
DA:11,1
DA:12,1
DA:13,1
DA:14,1
DA:15,1
DA:17,0
DA:20,1
DA:25,1
DA:29,1
DA:34,1
DA:39,1
DA:44,1
DA:47,2
DA:52,1
DA:55,1
LF:22
LH:20
BRDA:2,0,0,1
BRDA:2,0,1,1
BRDA:2,0,2,1
BRDA:3,1,0,1
BRDA:3,1,1,6
BRDA:3,2,0,0
BRDA:3,2,1,6
BRDA:4,3,0,7
BRDA:4,3,1,0
BRDA:4,4,0,7
BRDA:4,4,1,7
BRDA:5,5,0,0
BRDA:5,5,1,0
BRDA:5,6,0,0
BRDA:5,6,1,0
BRDA:5,7,0,0
BRDA:5,7,1,0
BRDA:5,8,0,0
BRDA:5,8,1,0
BRDA:6,9,0,7
BRDA:6,9,1,6
BRDA:6,9,2,0
BRDA:8,10,0,1
BRDA:8,10,1,1
BRDA:8,10,2,1
BRDA:9,11,0,6
BRDA:9,11,1,0
BRDA:9,12,0,6
BRDA:9,12,1,6
BRF:29
BRH:17
end_of_record
TN:
SF:src/encurtador/encurtador.controller.ts
FN:9,(anonymous_4)
FN:13,(anonymous_5)
FN:19,(anonymous_6)
FNF:3
FNH:3
FNDA:1,(anonymous_4)
FNDA:5,(anonymous_5)
FNDA:1,(anonymous_6)
DA:1,1
DA:2,1
DA:3,1
DA:4,1
DA:8,1
DA:9,1
DA:13,1
DA:14,5
DA:19,1
DA:20,1
LF:10
LH:10
BRF:0
BRH:0
end_of_record
TN:
SF:src/encurtador/encurtador.entity.ts
FN:38,(anonymous_2)
FN:33,(anonymous_3)
FNF:2
FNH:1
FNDA:0,(anonymous_2)
FNDA:2,(anonymous_3)
DA:1,1
DA:8,1
DA:11,1
DA:14,1
DA:17,1
DA:21,1
DA:25,1
DA:29,1
DA:33,2
DA:36,1
DA:39,0
LF:11
LH:10
BRF:0
BRH:0
end_of_record
TN:
SF:src/encurtador/encurtador.middleware.ts
FN:14,(anonymous_4)
FN:19,(anonymous_5)
FNF:2
FNH:2
FNDA:1,(anonymous_4)
FNDA:6,(anonymous_5)
DA:1,1
DA:7,1
DA:9,1
DA:10,1
DA:13,1
DA:16,1
DA:20,6
DA:21,0
DA:23,6
DA:24,6
DA:25,0
DA:26,0
DA:28,6
LF:13
LH:10
BRDA:20,0,0,0
BRDA:20,0,1,6
BRDA:20,1,0,6
BRDA:20,1,1,3
BRDA:23,2,0,0
BRDA:23,2,1,6
BRDA:23,3,0,6
BRDA:23,3,1,6
BRDA:24,4,0,0
BRDA:24,4,1,6
BRDA:24,5,0,6
BRDA:24,5,1,1
BRDA:24,6,0,0
BRDA:24,6,1,1
BRDA:24,7,0,1
BRDA:24,7,1,1
BRF:16
BRH:12
end_of_record
TN:
SF:src/encurtador/encurtador.module.ts
FN:14,(anonymous_1)
FNF:1
FNH:1
FNDA:1,(anonymous_1)
DA:1,1
DA:2,1
DA:3,1
DA:4,1
DA:5,1
DA:6,1
DA:13,1
DA:15,1
LF:8
LH:8
BRF:0
BRH:0
end_of_record
TN:
SF:src/encurtador/encurtador.service.ts
FN:13,(anonymous_4)
FN:18,(anonymous_5)
FN:46,(anonymous_6)
FNF:3
FNH:3
FNDA:1,(anonymous_4)
FNDA:5,(anonymous_5)
FNDA:1,(anonymous_6)
DA:1,1
DA:3,1
DA:4,1
DA:5,1
DA:6,1
DA:7,1
DA:9,1
DA:12,1
DA:15,1
DA:19,5
DA:20,5
DA:22,3
DA:23,3
DA:24,0
DA:26,3
DA:27,3
DA:28,3
DA:29,3
DA:33,0
DA:38,0
DA:40,0
DA:41,0
DA:42,0
DA:43,0
DA:47,1
DA:48,1
DA:49,1
DA:50,1
DA:51,1
DA:53,0
LF:30
LH:22
BRDA:22,0,0,3
BRDA:22,0,1,0
BRDA:23,1,0,0
BRDA:23,1,1,3
BRDA:48,2,0,1
BRDA:48,2,1,0
BRF:6
BRH:3
end_of_record
TN:
SF:src/encurtador/dto/create.dto.ts
FNF:0
FNH:0
DA:1,1
DA:3,1
DA:6,1
LF:3
LH:3
BRF:0
BRH:0
end_of_record
TN:
SF:src/encurtador/dto/show.dto.ts
FNF:0
FNH:0
DA:1,1
LF:1
LH:1
BRF:0
BRH:0
end_of_record
